<?xml version="1.0" encoding="UTF-8"?>
<!-- Generated by org.testng.reporters.JUnitReportReporter -->
<testsuite skipped="0" hostname="360NDCLP093" name="com.trader.scripts.AdvancedSearchPage" tests="1" failures="0" timestamp="16 Oct 2018 10:13:09 GMT" time="213.628" errors="0">
  <testcase name="advancedSearchButtonRedirectionAndAssertResultPage" time="213.628" classname="com.trader.scripts.AdvancedSearchPage"/>
</testsuite> <!-- com.trader.scripts.AdvancedSearchPage -->
