<?xml version="1.0" encoding="UTF-8"?>
<!-- Generated by org.testng.reporters.JUnitReportReporter -->
<testsuite skipped="0" hostname="localhost.localdomain" name="com.trader.scripts.SmokeTest" tests="1" failures="0" timestamp="24 Oct 2018 08:35:37 GMT" time="156.450" errors="0">
  <testcase name="ADImageRedirectOnDetailsPage" time="156.450" classname="com.trader.scripts.SmokeTest"/>
</testsuite> <!-- com.trader.scripts.SmokeTest -->
